<?xml version="1.0" encoding="UTF-8"?>
<!-- Generated by org.testng.reporters.JUnitReportReporter -->
<testsuite hostname="deepak-Inspiron-N5110" failures="0" tests="1" name="qa.TestCases.FlightPrices" time="0.000" errors="0" timestamp="26 May 2019 05:06:22 GMT" skipped="1">
  <testcase classname="qa.TestCases.FlightPrices" name="FlightPrice" time="0.000">
    <skipped/>
  </testcase> <!-- FlightPrice -->
</testsuite> <!-- qa.TestCases.FlightPrices -->
